#1
_program
  #1
  _class
    Badminton
    Sports
    "good.cl"
    (
    )
  #4
  _class
    Sports
    Object
    "good.cl"
    (
    #5
    _method
      play
      Int
      #6
      _block
        #7
        _plus
          #7
          _let
            a
            Int
            #7
            _int
              1
            : _no_type
            #7
            _let
              y
              Int
              #7
              _let
                b
                Int
                #7
                _int
                  2
                : _no_type
                #7
                _int
                  2
                : _no_type
              : _no_type
              #7
              _int
                5
              : _no_type
            : _no_type
          : _no_type
          #7
          _int
            3
          : _no_type
        : _no_type
        #8
        _plus
          #8
          _plus
            #8
            _plus
              #8
              _object
                x
              : _no_type
              #8
              _object
                y
              : _no_type
            : _no_type
            #8
            _object
              z
            : _no_type
          : _no_type
          #8
          _object
            d
          : _no_type
        : _no_type
      : _no_type
    )
